[    0.000000] Initializing cgroup subsys cpuset
[    0.000000] Initializing cgroup subsys cpu
[    0.000000] Initializing cgroup subsys cpuacct
[    0.000000] Linux version 4.4.0-186-generic (buildd@lcy01-amd64-002) (gcc version 5.4.0 20160609 (Ubuntu 5.4.0-6ubuntu1~16.04.12) ) #216-Ubuntu SMP Wed Jul 1 05:34:05 UTC 2020 (Ubuntu 4.4.0-186.216-generic 4.4.228)
[    0.000000] Command line: BOOT_IMAGE=/boot/vmlinuz-4.4.0-186-generic root=LABEL=cloudimg-rootfs ro console=tty1 console=ttyS0
[    0.000000] KERNEL supported cpus:
[    0.000000]   Intel GenuineIntel
[    0.000000]   AMD AuthenticAMD
[    0.000000]   Centaur CentaurHauls
[    0.000000] x86/fpu: xstate_offset[2]:  576, xstate_sizes[2]:  256
[    0.000000] x86/fpu: Supporting XSAVE feature 0x01: 'x87 floating point registers'
[    0.000000] x86/fpu: Supporting XSAVE feature 0x02: 'SSE registers'
[    0.000000] x86/fpu: Supporting XSAVE feature 0x04: 'AVX registers'
[    0.000000] x86/fpu: Enabled xstate features 0x7, context size is 832 bytes, using 'standard' format.
[    0.000000] e820: BIOS-provided physical RAM map:
[    0.000000] BIOS-e820: [mem 0x0000000000000000-0x000000000009fbff] usable
[    0.000000] BIOS-e820: [mem 0x000000000009fc00-0x000000000009ffff] reserved
[    0.000000] BIOS-e820: [mem 0x00000000000f0000-0x00000000000fffff] reserved
[    0.000000] BIOS-e820: [mem 0x0000000000100000-0x000000003ffeffff] usable
[    0.000000] BIOS-e820: [mem 0x000000003fff0000-0x000000003fffffff] ACPI data
[    0.000000] BIOS-e820: [mem 0x00000000fec00000-0x00000000fec00fff] reserved
[    0.000000] BIOS-e820: [mem 0x00000000fee00000-0x00000000fee00fff] reserved
[    0.000000] BIOS-e820: [mem 0x00000000fffc0000-0x00000000ffffffff] reserved
[    0.000000] NX (Execute Disable) protection: active
[    0.000000] SMBIOS 2.5 present.
[    0.000000] Hypervisor detected: KVM
[    0.000000] e820: last_pfn = 0x3fff0 max_arch_pfn = 0x400000000
[    0.000000] MTRR: Disabled
[    0.000000] x86/PAT: MTRRs disabled, skipping PAT initialization too.
[    0.000000] CPU MTRRs all blank - virtualized system.
[    0.000000] x86/PAT: Configuration [0-7]: WB  WT  UC- UC  WB  WT  UC- UC  
[    0.000000] found SMP MP-table at [mem 0x0009fff0-0x0009ffff] mapped at [ffff88000009fff0]
[    0.000000] Scanning 1 areas for low memory corruption
[    0.000000] RAMDISK: [mem 0x362e2000-0x37168fff]
[    0.000000] ACPI: Early table checksum verification disabled
[    0.000000] ACPI: RSDP 0x00000000000E0000 000024 (v02 VBOX  )
[    0.000000] ACPI: XSDT 0x000000003FFF0030 00003C (v01 VBOX   VBOXXSDT 00000001 ASL  00000061)
[    0.000000] ACPI: FACP 0x000000003FFF00F0 0000F4 (v04 VBOX   VBOXFACP 00000001 ASL  00000061)
[    0.000000] ACPI: DSDT 0x000000003FFF0470 002325 (v02 VBOX   VBOXBIOS 00000002 INTL 20100528)
[    0.000000] ACPI: FACS 0x000000003FFF0200 000040
[    0.000000] ACPI: FACS 0x000000003FFF0200 000040
[    0.000000] ACPI: APIC 0x000000003FFF0240 00005C (v02 VBOX   VBOXAPIC 00000001 ASL  00000061)
[    0.000000] ACPI: SSDT 0x000000003FFF02A0 0001CC (v01 VBOX   VBOXCPUT 00000002 INTL 20100528)
[    0.000000] No NUMA configuration found
[    0.000000] Faking a node at [mem 0x0000000000000000-0x000000003ffeffff]
[    0.000000] NODE_DATA(0) allocated [mem 0x3ffeb000-0x3ffeffff]
[    0.000000] kvm-clock: Using msrs 4b564d01 and 4b564d00
[    0.000000] kvm-clock: cpu 0, msr 0:3ffe3001, primary cpu clock
[    0.000000] kvm-clock: using sched offset of 5102245870 cycles
[    0.000000] clocksource: kvm-clock: mask: 0xffffffffffffffff max_cycles: 0x1cd42e4dffb, max_idle_ns: 881590591483 ns
[    0.000000] Zone ranges:
[    0.000000]   DMA      [mem 0x0000000000001000-0x0000000000ffffff]
[    0.000000]   DMA32    [mem 0x0000000001000000-0x000000003ffeffff]
[    0.000000]   Normal   empty
[    0.000000]   Device   empty
[    0.000000] Movable zone start for each node
[    0.000000] Early memory node ranges
[    0.000000]   node   0: [mem 0x0000000000001000-0x000000000009efff]
[    0.000000]   node   0: [mem 0x0000000000100000-0x000000003ffeffff]
[    0.000000] Initmem setup node 0 [mem 0x0000000000001000-0x000000003ffeffff]
[    0.000000] ACPI: PM-Timer IO Port: 0x4008
[    0.000000] IOAPIC[0]: apic_id 2, version 32, address 0xfec00000, GSI 0-23
[    0.000000] ACPI: INT_SRC_OVR (bus 0 bus_irq 0 global_irq 2 dfl dfl)
[    0.000000] ACPI: INT_SRC_OVR (bus 0 bus_irq 9 global_irq 9 low level)
[    0.000000] Using ACPI (MADT) for SMP configuration information
[    0.000000] smpboot: Allowing 2 CPUs, 0 hotplug CPUs
[    0.000000] PM: Registered nosave memory: [mem 0x00000000-0x00000fff]
[    0.000000] PM: Registered nosave memory: [mem 0x0009f000-0x0009ffff]
[    0.000000] PM: Registered nosave memory: [mem 0x000a0000-0x000effff]
[    0.000000] PM: Registered nosave memory: [mem 0x000f0000-0x000fffff]
[    0.000000] e820: [mem 0x40000000-0xfebfffff] available for PCI devices
[    0.000000] Booting paravirtualized kernel on KVM
[    0.000000] clocksource: refined-jiffies: mask: 0xffffffff max_cycles: 0xffffffff, max_idle_ns: 7645519600211568 ns
[    0.000000] setup_percpu: NR_CPUS:512 nr_cpumask_bits:512 nr_cpu_ids:2 nr_node_ids:1
[    0.000000] PERCPU: Embedded 33 pages/cpu @ffff88003fc00000 s95512 r8192 d31464 u1048576
[    0.000000] Built 1 zonelists in Node order, mobility grouping on.  Total pages: 257912
[    0.000000] Policy zone: DMA32
[    0.000000] Kernel command line: BOOT_IMAGE=/boot/vmlinuz-4.4.0-186-generic root=LABEL=cloudimg-rootfs ro console=tty1 console=ttyS0
[    0.000000] PID hash table entries: 4096 (order: 3, 32768 bytes)
[    0.000000] Memory: 997668K/1048120K available (8636K kernel code, 1337K rwdata, 4040K rodata, 1492K init, 1296K bss, 50452K reserved, 0K cma-reserved)
[    0.000000] SLUB: HWalign=64, Order=0-3, MinObjects=0, CPUs=2, Nodes=1
[    0.000000] Kernel/User page tables isolation: enabled
[    0.000000] Hierarchical RCU implementation.
[    0.000000] 	Build-time adjustment of leaf fanout to 64.
[    0.000000] 	RCU restricting CPUs from NR_CPUS=512 to nr_cpu_ids=2.
[    0.000000] RCU: Adjusting geometry for rcu_fanout_leaf=64, nr_cpu_ids=2
[    0.000000] NR_IRQS:33024 nr_irqs:440 16
[    0.000000] Console: colour VGA+ 80x25
[    0.000000] console [tty1] enabled
[    0.000000] console [ttyS0] enabled
[    0.000000] tsc: Detected 3408.000 MHz processor
[    0.220426] Calibrating delay loop (skipped) preset value.. 6816.00 BogoMIPS (lpj=13632000)
[    0.223656] pid_max: default: 32768 minimum: 301
[    0.225357] ACPI: Core revision 20150930
[    0.228002] ACPI: 2 ACPI AML tables successfully acquired and loaded
[    0.231067] Security Framework initialized
[    0.232610] Yama: becoming mindful.
[    0.234085] AppArmor: AppArmor initialized
[    0.235641] Dentry cache hash table entries: 131072 (order: 8, 1048576 bytes)
[    0.239857] Inode-cache hash table entries: 65536 (order: 7, 524288 bytes)
[    0.242350] Mount-cache hash table entries: 2048 (order: 2, 16384 bytes)
[    0.244766] Mountpoint-cache hash table entries: 2048 (order: 2, 16384 bytes)
[    0.247701] Initializing cgroup subsys io
[    0.249216] Initializing cgroup subsys memory
[    0.251177] Initializing cgroup subsys devices
[    0.253116] Initializing cgroup subsys freezer
[    0.254682] Initializing cgroup subsys net_cls
[    0.256118] Initializing cgroup subsys perf_event
[    0.257719] Initializing cgroup subsys net_prio
[    0.259271] Initializing cgroup subsys hugetlb
[    0.260747] Initializing cgroup subsys pids
[    0.263683] mce: CPU supports 0 MCE banks
[    0.265195] Last level iTLB entries: 4KB 128, 2MB 8, 4MB 8
[    0.267048] Last level dTLB entries: 4KB 64, 2MB 0, 4MB 0, 1GB 4
[    0.269041] Spectre V1 : Mitigation: usercopy/swapgs barriers and __user pointer sanitization
[    0.272155] Spectre V2 : Mitigation: Full generic retpoline
[    0.274460] Spectre V2 : Spectre v2 / SpectreRSB mitigation: Filling RSB on context switch
[    0.277169] Speculative Store Bypass: Vulnerable
[    0.278804] SRBDS: Unknown: Dependent on hypervisor status
[    0.280731] MDS: Mitigation: Clear CPU buffers
[    0.285559] Freeing SMP alternatives memory: 36K
[    0.293681] ftrace: allocating 32334 entries in 127 pages
[    0.352748] smpboot: APIC(0) Converting physical 0 to logical package 0
[    0.354865] smpboot: Max logical packages: 1
[    0.356383] x2apic enabled
[    0.357493] Switched APIC routing to physical x2apic.
[    0.359929] ..TIMER: vector=0x30 apic1=0 pin1=2 apic2=-1 pin2=-1
[    0.469949] smpboot: CPU0: Intel(R) Core(TM) i5-7500 CPU @ 3.40GHz (family: 0x6, model: 0x9e, stepping: 0x9)
[    0.473202] Performance Events: unsupported p6 CPU model 158 no PMU driver, software events only.
[    0.484918] KVM setup paravirtual spinlock
[    0.486781] x86: Booting SMP configuration:
[    0.488099] .... node  #0, CPUs:      #1
[    0.489621] kvm-clock: cpu 1, msr 0:3ffe3041, secondary cpu clock
[    0.492282] mce: CPU supports 0 MCE banks
[    0.495396] x86: Booted up 1 node, 2 CPUs
[    0.496810] smpboot: Total of 2 processors activated (13632.00 BogoMIPS)
[    0.499388] devtmpfs: initialized
[    0.502046] evm: security.selinux
[    0.503166] evm: security.SMACK64
[    0.504265] evm: security.SMACK64EXEC
[    0.505441] evm: security.SMACK64TRANSMUTE
[    0.506771] evm: security.SMACK64MMAP
[    0.508109] evm: security.ima
[    0.509151] evm: security.capability
[    0.510615] clocksource: jiffies: mask: 0xffffffff max_cycles: 0xffffffff, max_idle_ns: 7645041785100000 ns
[    0.513697] futex hash table entries: 512 (order: 3, 32768 bytes)
[    0.515576] pinctrl core: initialized pinctrl subsystem
[    0.517231] RTC time:  0:52:54, date: 08/03/20
[    0.518854] NET: Registered protocol family 16
[    0.530615] cpuidle: using governor ladder
[    0.543026] cpuidle: using governor menu
[    0.544298] PCCT header not found.
[    0.545473] ACPI: bus type PCI registered
[    0.546782] acpiphp: ACPI Hot Plug PCI Controller Driver version: 0.5
[    0.548824] PCI: Using configuration type 1 for base access
[    0.563776] ACPI: Added _OSI(Module Device)
[    0.565129] ACPI: Added _OSI(Processor Device)
[    0.566561] ACPI: Added _OSI(3.0 _SCP Extensions)
[    0.568180] ACPI: Added _OSI(Processor Aggregator Device)
[    0.570541] ACPI: Executed 1 blocks of module-level executable AML code
[    0.574502] ACPI: Interpreter enabled
[    0.575732] ACPI: (supports S0 S5)
[    0.576862] ACPI: Using IOAPIC for interrupt routing
[    0.578550] PCI: Using host bridge windows from ACPI; if necessary, use "pci=nocrs" and report a bug
[    0.585146] ACPI: PCI Root Bridge [PCI0] (domain 0000 [bus 00-ff])
[    0.587048] acpi PNP0A03:00: _OSC: OS supports [ASPM ClockPM Segments MSI]
[    0.589332] acpi PNP0A03:00: _OSC: not requesting OS control; OS requires [ExtendedConfig ASPM ClockPM MSI]
[    0.592272] acpi PNP0A03:00: fail to add MMCONFIG information, can't access extended PCI configuration space under this bridge.
[    0.596078] PCI host bridge to bus 0000:00
[    0.597382] pci_bus 0000:00: root bus resource [io  0x0000-0x0cf7 window]
[    0.599377] pci_bus 0000:00: root bus resource [io  0x0d00-0xffff window]
[    0.601454] pci_bus 0000:00: root bus resource [mem 0x000a0000-0x000bffff window]
[    0.603757] pci_bus 0000:00: root bus resource [mem 0x40000000-0xfdffffff window]
[    0.606090] pci_bus 0000:00: root bus resource [bus 00-ff]
[    0.610159] pci 0000:00:01.1: legacy IDE quirk: reg 0x10: [io  0x01f0-0x01f7]
[    0.612302] pci 0000:00:01.1: legacy IDE quirk: reg 0x14: [io  0x03f6]
[    0.614222] pci 0000:00:01.1: legacy IDE quirk: reg 0x18: [io  0x0170-0x0177]
[    0.623699] pci 0000:00:01.1: legacy IDE quirk: reg 0x1c: [io  0x0376]
[    0.639040] pci 0000:00:07.0: quirk: [io  0x4000-0x403f] claimed by PIIX4 ACPI
[    0.641493] pci 0000:00:07.0: quirk: [io  0x4100-0x410f] claimed by PIIX4 SMB
[    0.648224] ACPI: PCI Interrupt Link [LNKA] (IRQs 5 9 10 *11)
[    0.650890] ACPI: PCI Interrupt Link [LNKB] (IRQs 5 9 *10 11)
[    0.653602] ACPI: PCI Interrupt Link [LNKC] (IRQs 5 *9 10 11)
[    0.656131] ACPI: PCI Interrupt Link [LNKD] (IRQs 5 9 10 *11)
[    0.658674] ACPI: Enabled 2 GPEs in block 00 to 07
[    0.660808] vgaarb: setting as boot device: PCI:0000:00:02.0
[    0.662644] vgaarb: device added: PCI:0000:00:02.0,decodes=io+mem,owns=io+mem,locks=none
[    0.665190] vgaarb: loaded
[    0.666131] vgaarb: bridge control possible 0000:00:02.0
[    0.667939] SCSI subsystem initialized
[    0.669304] ACPI: bus type USB registered
[    0.670669] usbcore: registered new interface driver usbfs
[    0.672388] usbcore: registered new interface driver hub
[    0.674033] usbcore: registered new device driver usb
[    0.675917] PCI: Using ACPI for IRQ routing
[    0.678619] NetLabel: Initializing
[    0.679833] NetLabel:  domain hash size = 128
[    0.681176] NetLabel:  protocols = UNLABELED CIPSOv4
[    0.682703] NetLabel:  unlabeled traffic allowed by default
[    0.684494] amd_nb: Cannot enumerate AMD northbridges
[    0.686186] clocksource: Switched to clocksource kvm-clock
[    0.694060] AppArmor: AppArmor Filesystem Enabled
[    0.695629] pnp: PnP ACPI init
[    0.697606] pnp: PnP ACPI: found 3 devices
[    0.708470] clocksource: acpi_pm: mask: 0xffffff max_cycles: 0xffffff, max_idle_ns: 2085701024 ns
[    0.711324] NET: Registered protocol family 2
[    0.712814] TCP established hash table entries: 8192 (order: 4, 65536 bytes)
[    0.714872] TCP bind hash table entries: 8192 (order: 5, 131072 bytes)
[    0.716823] TCP: Hash tables configured (established 8192 bind 8192)
[    0.718753] UDP hash table entries: 512 (order: 2, 16384 bytes)
[    0.720745] UDP-Lite hash table entries: 512 (order: 2, 16384 bytes)
[    0.723263] NET: Registered protocol family 1
[    0.724668] pci 0000:00:00.0: Limiting direct PCI/PCI transfers
[    0.726479] pci 0000:00:01.0: Activating ISA DMA hang workarounds
[    0.728448] Unpacking initramfs...
[    0.934903] Freeing initrd memory: 14876K
[    0.936415] clocksource: tsc: mask: 0xffffffffffffffff max_cycles: 0x311fd3cd494, max_idle_ns: 440795223879 ns
[    0.940392] platform rtc_cmos: registered platform RTC device (no PNP device found)
[    0.942929] Scanning for low memory corruption every 60 seconds
[    0.945225] audit: initializing netlink subsys (disabled)
[    0.947030] audit: type=2000 audit(1596415981.656:1): initialized
[    0.949264] Initialise system trusted keyring
[    0.951018] HugeTLB registered 2 MB page size, pre-allocated 0 pages
[    0.954152] zbud: loaded
[    0.955352] VFS: Disk quotas dquot_6.6.0
[    0.956637] VFS: Dquot-cache hash table entries: 512 (order 0, 4096 bytes)
[    0.958882] squashfs: version 4.0 (2009/01/31) Phillip Lougher
[    0.960903] fuse init (API version 7.23)
[    0.962604] Key type big_key registered
[    0.963885] Allocating IMA MOK and blacklist keyrings.
[    0.967174] Key type asymmetric registered
[    0.968490] Asymmetric key parser 'x509' registered
[    0.970117] Block layer SCSI generic (bsg) driver version 0.4 loaded (major 249)
[    0.972742] io scheduler noop registered
[    0.974018] io scheduler deadline registered (default)
[    0.975746] io scheduler cfq registered
[    0.977144] pci_hotplug: PCI Hot Plug PCI Core version: 0.5
[    0.978977] pciehp: PCI Express Hot Plug Controller Driver version: 0.4
[    0.981308] ACPI: AC Adapter [AC] (on-line)
[    0.982776] input: Power Button as /devices/LNXSYSTM:00/LNXPWRBN:00/input/input0
[    0.985245] ACPI: Power Button [PWRF]
[    0.986528] input: Sleep Button as /devices/LNXSYSTM:00/LNXSLPBN:00/input/input1
[    0.988989] ACPI: Sleep Button [SLPF]
[    0.990454] GHES: HEST is not enabled!
[    0.991994] Serial: 8250/16550 driver, 32 ports, IRQ sharing enabled
[    1.014833] 00:02: ttyS0 at I/O 0x3f8 (irq = 4, base_baud = 115200) is a 16550A
[    1.020399] Linux agpgart interface v0.103
[    1.024028] loop: module loaded
[    1.025577] scsi host0: ata_piix
[    1.026897] scsi host1: ata_piix
[    1.028084] ata1: PATA max UDMA/33 cmd 0x1f0 ctl 0x3f6 bmdma 0xd000 irq 14
[    1.030107] ata2: PATA max UDMA/33 cmd 0x170 ctl 0x376 bmdma 0xd008 irq 15
[    1.032647] libphy: Fixed MDIO Bus: probed
[    1.034020] tun: Universal TUN/TAP device driver, 1.6
[    1.036007] tun: (C) 1999-2004 Max Krasnyansky <maxk@qualcomm.com>
[    1.037990] PPP generic driver version 2.4.2
[    1.039561] ehci_hcd: USB 2.0 'Enhanced' Host Controller (EHCI) Driver
[    1.041521] ehci-pci: EHCI PCI platform driver
[    1.043050] ehci-platform: EHCI generic platform driver
[    1.044680] ohci_hcd: USB 1.1 'Open' Host Controller (OHCI) Driver
[    1.046766] ohci-pci: OHCI PCI platform driver
[    1.048296] ohci-platform: OHCI generic platform driver
[    1.050355] uhci_hcd: USB Universal Host Controller Interface driver
[    1.052400] i8042: PNP: PS/2 Controller [PNP0303:PS2K,PNP0f03:PS2M] at 0x60,0x64 irq 1,12
[    1.055403] serio: i8042 KBD port at 0x60,0x64 irq 1
[    1.056948] serio: i8042 AUX port at 0x60,0x64 irq 12
[    1.059010] mousedev: PS/2 mouse device common for all mice
[    1.061211] input: AT Translated Set 2 keyboard as /devices/platform/i8042/serio0/input/input2
[    1.064800] rtc_cmos rtc_cmos: rtc core: registered rtc_cmos as rtc0
[    1.066898] rtc_cmos rtc_cmos: alarms up to one day, 114 bytes nvram
[    1.068828] i2c /dev entries driver
[    1.070096] device-mapper: uevent: version 1.0.3
[    1.071784] device-mapper: ioctl: 4.34.0-ioctl (2015-10-28) initialised: dm-devel@redhat.com
[    1.075061] ledtrig-cpu: registered to indicate activity on CPUs
[    1.077392] NET: Registered protocol family 10
[    1.079044] NET: Registered protocol family 17
[    1.080508] Key type dns_resolver registered
[    1.082575] registered taskstats version 1
[    1.083971] Loading compiled-in X.509 certificates
[    1.086295] Loaded X.509 cert 'Build time autogenerated kernel key: cef5e81496c0efa51b848ab539e845ddf31c08be'
[    1.089570] zswap: loaded using pool lzo/zbud
[    1.092691] Key type trusted registered
[    1.097075] Key type encrypted registered
[    1.098480] AppArmor: AppArmor sha1 policy hashing enabled
[    1.100393] ima: No TPM chip found, activating TPM-bypass!
[    1.102123] ima: Allocated hash algorithm: sha1
[    1.103678] evm: HMAC attrs: 0x1
[    1.105161]   Magic number: 0:572:859
[    1.106465] rtc_cmos rtc_cmos: setting system clock to 2020-08-03 00:52:55 UTC (1596415975)
[    1.109299] BIOS EDD facility v0.16 2004-Jun-25, 0 devices found
[    1.111402] EDD information not available.
[    1.210474] Freeing unused kernel memory: 1492K
[    1.212012] Write protecting the kernel read-only data: 14336k
[    1.214252] Freeing unused kernel memory: 1592K
[    1.215891] Freeing unused kernel memory: 56K
Loading, please wait...
starting version 229
[    1.229551] random: systemd-udevd: uninitialized urandom read (16 bytes read, 3 bits of entropy available)
[    1.232563] random: udevadm: uninitialized urandom read (16 bytes read, 3 bits of entropy available)
[    1.232594] random: udevadm: uninitialized urandom read (16 bytes read, 3 bits of entropy available)
[    1.240444] random: systemd-udevd: uninitialized urandom read (16 bytes read, 3 bits of entropy available)
[    1.244375] random: systemd-udevd: uninitialized urandom read (16 bytes read, 3 bits of entropy available)
[    1.248252] random: systemd-udevd: uninitialized urandom read (16 bytes read, 3 bits of entropy available)
[    1.251892] random: udevadm: uninitialized urandom read (16 bytes read, 3 bits of entropy available)
[    1.251929] random: udevadm: uninitialized urandom read (16 bytes read, 3 bits of entropy available)
[    1.252112] random: udevadm: uninitialized urandom read (16 bytes read, 3 bits of entropy available)
[    1.252166] random: udevadm: uninitialized urandom read (16 bytes read, 3 bits of entropy available)
[    1.294719] Fusion MPT base driver 3.04.20
[    1.296170] Copyright (c) 1999-2008 LSI Corporation
[    1.297955] e1000: Intel(R) PRO/1000 Network Driver - version 7.3.21-k8-NAPI
[    1.300117] e1000: Copyright (c) 1999-2006 Intel Corporation.
[    1.310875] Fusion MPT SPI Host driver 3.04.20
[    1.321223] AVX2 version of gcm_enc/dec engaged.
[    1.322831] AES CTR mode by8 optimization enabled
[    1.522906] input: ImExPS/2 Generic Explorer Mouse as /devices/platform/i8042/serio1/input/input4
[    1.699473] e1000 0000:00:03.0 eth0: (PCI:33MHz:32-bit) 02:d4:60:56:24:74
[    1.701587] e1000 0000:00:03.0 eth0: Intel(R) PRO/1000 Network Connection
[    1.704778] e1000 0000:00:03.0 enp0s3: renamed from eth0
[    1.706616] mptbase: ioc0: Initiating bringup
[    1.774693] ioc0: LSI53C1030 A0: Capabilities={Initiator}
[    1.935936] scsi host2: ioc0: LSI53C1030 A0, FwRev=00000000h, Ports=1, MaxQ=256, IRQ=20
[    2.051015] scsi 2:0:0:0: Direct-Access     VBOX     HARDDISK         1.0  PQ: 0 ANSI: 5
[    2.053683] scsi target2:0:0: Beginning Domain Validation
[    2.057839] scsi target2:0:0: Domain Validation skipping write tests
[    2.059769] scsi target2:0:0: Ending Domain Validation
[    2.061481] scsi target2:0:0: asynchronous
[    2.064010] scsi 2:0:1:0: Direct-Access     VBOX     HARDDISK         1.0  PQ: 0 ANSI: 5
[    2.066621] scsi target2:0:1: Beginning Domain Validation
[    2.071177] scsi target2:0:1: Domain Validation skipping write tests
[    2.073111] scsi target2:0:1: Ending Domain Validation
[    2.074889] scsi target2:0:1: asynchronous
[    2.096298] sd 2:0:0:0: Attached scsi generic sg0 type 0
[    2.098228] sd 2:0:0:0: [sda] 20971520 512-byte logical blocks: (10.7 GB/10.0 GiB)
[    2.100764] sd 2:0:1:0: Attached scsi generic sg1 type 0
[    2.101222] sd 2:0:1:0: [sdb] 20480 512-byte logical blocks: (10.5 MB/10.0 MiB)
[    2.105183] sd 2:0:1:0: [sdb] Write Protect is off
[    2.106828] sd 2:0:0:0: [sda] Write Protect is off
[    2.108485] sd 2:0:1:0: [sdb] Incomplete mode parameter data
[    2.110207] sd 2:0:1:0: [sdb] Assuming drive cache: write through
[    2.112190] sd 2:0:0:0: [sda] Incomplete mode parameter data
[    2.113914] sd 2:0:0:0: [sda] Assuming drive cache: write through
[    2.122535]  sda: sda1
[    2.124785] sd 2:0:0:0: [sda] Attached SCSI disk
[    2.127089] sd 2:0:1:0: [sdb] Attached SCSI disk
Begin: Loading essential drivers ... [    3.423333] md: linear personality registered for level -1
[    3.427450] md: multipath personality registered for level -4
[    3.431648] md: raid0 personality registered for level 0
[    3.436943] md: raid1 personality registered for level 1
[    3.511336] raid6: sse2x1   gen() 13587 MB/s
[    3.579026] raid6: sse2x1   xor()  9843 MB/s
[    3.646569] raid6: sse2x2   gen() 16232 MB/s
[    3.714254] raid6: sse2x2   xor() 11035 MB/s
[    3.782968] raid6: sse2x4   gen() 18893 MB/s
[    3.851520] raid6: sse2x4   xor() 11311 MB/s
[    3.921562] raid6: avx2x1   gen() 24109 MB/s
[    3.991479] raid6: avx2x2   gen() 31062 MB/s
[    4.061488] raid6: avx2x4   gen() 35227 MB/s
[    4.062944] raid6: using algorithm avx2x4 gen() 35227 MB/s
[    4.064621] raid6: using avx2x2 recovery algorithm
[    4.067265] xor: automatically using best checksumming function:
[    4.106243]    avx       : 26277.000 MB/sec
[    4.109321] async_tx: api initialized (async)
[    4.121987] md: raid6 personality registered for level 6
[    4.124309] md: raid5 personality registered for level 5
[    4.126085] md: raid4 personality registered for level 4
[    4.135239] md: raid10 personality registered for level 10
done.
Begin: Running /scripts/init-premount ... done.
Begin: Mounting root file system ... Begin: Running /scripts/local-top ... done.
Begin: Running /scripts/local-premount ... [    4.161498] Btrfs loaded
Scanning for Btrfs filesystems
done.
Warning: fsck not present, so skipping root file system
[    4.239515] EXT4-fs (sda1): mounted filesystem with ordered data mode. Opts: (null)
done.
Begin: Running /scripts/local-bottom ... done.
Begin: Running /scripts/init-bottom ... done.
[    4.656277] systemd[1]: systemd 229 running in system mode. (+PAM +AUDIT +SELINUX +IMA +APPARMOR +SMACK +SYSVINIT +UTMP +LIBCRYPTSETUP +GCRYPT +GNUTLS +ACL +XZ -LZ4 +SECCOMP +BLKID +ELFUTILS +KMOD -IDN)
[    4.662170] systemd[1]: Detected virtualization oracle.
[    4.664023] systemd[1]: Detected architecture x86-64.

Welcome to [1mUbuntu 16.04.6 LTS[0m!

[    4.692159] systemd[1]: Set hostname to <ubuntu>.
[    4.715806] systemd[1]: Initializing machine ID from random generator.
[    4.717870] systemd[1]: Installed transient /etc/machine-id file.
[    5.197570] systemd[1]: Reached target System Time Synchronized.
[[0;32m  OK  [0m] Reached target System Time Synchronized.
[    5.207110] systemd[1]: Listening on Journal Socket.
[[0;32m  OK  [0m] Listening on Journal Socket.
[    5.214492] systemd[1]: Started Trigger resolvconf update for networkd DNS.
[[0;32m  OK  [0m] Started Trigger resolvconf update for networkd DNS.
[    5.217911] systemd[1]: Listening on udev Control Socket.
[[0;32m  OK  [0m] Listening on udev Control Socket.
[    5.220716] systemd[1]: Listening on Journal Socket (/dev/log).
[[0;32m  OK  [0m] Listening on Journal Socket (/dev/log).
[    5.230797] systemd[1]: Created slice User and Session Slice.
[[0;32m  OK  [0m] Created slice User and Session Slice.
[    5.233866] systemd[1]: Set up automount Arbitrary Executable File Formats File System Automount Point.
[[0;32m  OK  [0m] Set up automount Arbitrary Executab...ats File System Automount Point.
[    5.246409] systemd[1]: Listening on Device-mapper event daemon FIFOs.
[[0;32m  OK  [0m] Listening on Device-mapper event daemon FIFOs.
[    5.249671] systemd[1]: Listening on udev Kernel Socket.
[[0;32m  OK  [0m] Listening on udev Kernel Socket.
[    5.258438] systemd[1]: Reached target User and Group Name Lookups.
[[0;32m  OK  [0m] Reached target User and Group Name Lookups.
[    5.262174] systemd[1]: Listening on LVM2 metadata daemon socket.
[[0;32m  OK  [0m] Listening on LVM2 metadata daemon socket.
[    5.270676] systemd[1]: Listening on Journal Audit Socket.
[[0;32m  OK  [0m] Listening on Journal Audit Socket.
[    5.278969] systemd[1]: Listening on Syslog Socket.
[[0;32m  OK  [0m] Listening on Syslog Socket.
[    5.281475] systemd[1]: Reached target Encrypted Volumes.
[[0;32m  OK  [0m] Reached target Encrypted Volumes.
[    5.290899] systemd[1]: Listening on LVM2 poll daemon socket.
[[0;32m  OK  [0m] Listening on LVM2 poll daemon socket.
[    5.298606] systemd[1]: Started Forward Password Requests to Wall Directory Watch.
[[0;32m  OK  [0m] Started Forward Password Requests to Wall Directory Watch.
[    5.310429] systemd[1]: Listening on /dev/initctl Compatibility Named Pipe.
[[0;32m  OK  [0m] Listening on /dev/initctl Compatibility Named Pipe.
[    5.319151] systemd[1]: Created slice System Slice.
[[0;32m  OK  [0m] Created slice System Slice.
[    5.342557] systemd[1]: Starting Monitoring of LVM2 mirrors, snapshots etc. using dmeventd or progress polling...
         Starting Monitoring of LVM2 mirrors... dmeventd or progress polling...
[    5.355015] systemd[1]: Mounting Huge Pages File System...
         Mounting Huge Pages File System...
[    5.363132] systemd[1]: Mounting Debug File System...
         Mounting Debug File System...
[    5.370644] systemd[1]: Reached target Slices.
[[0;32m  OK  [0m] Reached target Slices.
[    5.374807] systemd[1]: Starting Create list of required static device nodes for the current kernel...
         Starting Create list of required st... nodes for the current kernel...
[    5.388156] systemd[1]: Starting Load Kernel Modules...
         Starting Load Kernel Modules...
[    5.399178] systemd[1]: Starting Remount Root and Kernel File Systems...
         Starting Remount Root and Kernel File Systems...
[    5.408163] EXT4-fs (sda1): re-mounted. Opts: (null)
[    5.411338] systemd[1]: Starting Nameserver information manager...
         Starting Nameserver information manager...
[    5.415609] systemd[1]: Starting Journal Service...
         Starting Journal Service...
[    5.429026] Loading iSCSI transport class v2.0-870.
[    5.431164] systemd[1]: Created slice system-serial\x2dgetty.slice.
[[0;32m  OK  [0m] Created slice system-serial\x2dgetty.slice.
[    5.435892] systemd[1]: Mounting POSIX Message Queue File System...
         Mounting POSIX Message Queue File System...
[    5.446535] systemd[1]: Reached target Swap.
[[0;32m  OK  [0m] Reached target Swap.
[    5.450128] iscsi: registered transport (tcp)
[    5.451249] systemd[1]: Starting Set console keymap...
         Starting Set console keymap...
[    5.478508] systemd[1]: Starting Uncomplicated firewall...
         Starting Uncomplicated firewall...
[    5.489327] systemd[1]: Mounted Debug File System.
[[0;32m  OK  [0m] Mounted Debug File System.
[    5.491708] systemd[1]: Mounted POSIX Message Queue File System.
[[0;32m  OK  [0m] Mounted POSIX Message Queue File System.
[    5.502598] systemd[1]: Mounted Huge Pages File System.
[[0;32m  OK  [0m] Mounted Huge Pages File System.
[    5.506929] systemd[1]: Started Journal Service.
[[0;32m  OK  [0m] Started Journal Service.
[[0;32m  OK  [0m] Started Create list of required sta...ce nodes for the current kernel.
[[0;32m  OK  [0m] Started Remount Root and Kernel File Systems.
[[0;32m  OK  [0m] Started Uncomplicated firewall.
[[0;32m  OK  [0m] Started Nameserver information manager.
[[0;32m  OK  [0m] Started LVM2 metadata daemon.
         Starting Load/Save Random Seed...
         Starting udev Coldplug all Devices...
         Starting Create Static Device Nodes in /dev...
         Starting Flush Journal to Persistent Storage...
[[0;32m  OK  [0m] Started Set console keymap.
[    5.541420] iscsi: registered transport (iser)
[[0;32m  OK  [0m] Started Load/Save Random Seed.
[[0;32m  OK  [0m] Started Load Kernel Modules.
         Starting Apply Kernel Variables...
         Mounting FUSE Control File System...
[[0;32m  OK  [0m] Mounted FUSE Control File System.
[    5.571951] systemd-journald[396]: Received request to flush runtime journal from PID 1
[[0;32m  OK  [0m] Started Flush Journal to Persistent Storage.
[[0;32m  OK  [0m] Started udev Coldplug all Devices.
[[0;32m  OK  [0m] Started Apply Kernel Variables.
[[0;32m  OK  [0m] Started Create Static Device Nodes in /dev.
         Starting udev Kernel Device Manager...
[[0;32m  OK  [0m] Started udev Kernel Device Manager.
[[0;32m  OK  [0m] Started Dispatch Password Requests to Console Directory Watch.
[[0;32m  OK  [0m] Found device /dev/ttyS0.
[[0;32m  OK  [0m] Started Monitoring of LVM2 mirrors,...ng dmeventd or progress polling.
[[0;32m  OK  [0m] Reached target Local File Systems (Pre).
[[0;32m  OK  [0m] Reached target Local File Systems.
         Starting Set console font and keymap...
         Starting Tell Plymouth To Write Out Runtime Data...
         Starting LSB: AppArmor initialization...
         Starting Commit a transient machine-id on disk...
         Starting Initial cloud-init job (pre-networking)...
         Starting Create Volatile Files and Directories...
[[0;32m  OK  [0m] Started Tell Plymouth To Write Out Runtime Data.
[[0;32m  OK  [0m] Started Create Volatile Files and Directories.
         Starting Update UTMP about System Boot/Shutdown...
[[0;32m  OK  [0m] Listening on Load/Save RF Kill Switch Status /dev/rfkill Watch.
[[0;32m  OK  [0m] Started Commit a transient machine-id on disk.
[[0;32m  OK  [0m] Started Update UTMP about System Boot/Shutdown.
[[0;32m  OK  [0m] Started LSB: AppArmor initialization.
         Starting Load AppArmor profiles managed internally by snapd...
[[0;32m  OK  [0m] Started Set console font and keymap.
[[0;32m  OK  [0m] Created slice system-getty.slice.
[[0;32m  OK  [0m] Started Load AppArmor profiles managed internally by snapd.
[    7.737133] cloud-init[517]: Cloud-init v. 20.2-45-g5f7825e2-0ubuntu1~16.04.1 running 'init-local' at Mon, 03 Aug 2020 00:53:02 +0000. Up 7.40 seconds.
[[0;32m  OK  [0m] Started Initial cloud-init job (pre-networking).
[[0;32m  OK  [0m] Reached target Network (Pre).
         Starting Raise network interfaces...
[[0;32m  OK  [0m] Started Raise network interfaces.
[[0;32m  OK  [0m] Reached target Network.
         Starting Initial cloud-init job (metadata service crawler)...
[    9.133033] cloud-init[960]: Cloud-init v. 20.2-45-g5f7825e2-0ubuntu1~16.04.1 running 'init' at Mon, 03 Aug 2020 00:53:03 +0000. Up 8.45 seconds.
[    9.140431] cloud-init[960]: ci-info: ++++++++++++++++++++++++++++++++++++++Net device info++++++++++++++++++++++++++++++++++++++
[    9.148517] cloud-init[960]: ci-info: +--------+------+----------------------------+---------------+--------+-------------------+
[    9.156406] cloud-init[960]: ci-info: | Device |  Up  |          Address           |      Mask     | Scope  |     Hw-Address    |
[    9.164425] cloud-init[960]: ci-info: +--------+------+----------------------------+---------------+--------+-------------------+
[    9.172351] [cloud-init[0;32m  OK  [0m[960]: ] ci-info: | enp0s3 | True |         10.0.2.15          | 255.255.255.0 | global | 02:d4:60:56:24:74 |Started Initial cloud-init job (metadata service crawler).

[    9.173817] [cloud-init[0;32m  OK  [0m[960]: ] ci-info: | enp0s3 | True | fe80::d4:60ff:fe56:2474/64 |       .       |  link  | 02:d4:60:56:24:74 |Reached target Cloud-config availability.

[    9.188354] [cloud-init[0;32m  OK  [0m[960]: ] ci-info: |   lo   | True |         127.0.0.1          |   255.0.0.0   |  host  |         .         |Reached target Network is Online.

[    9.189759] cloud-init[960]: ci-info: |   lo   | True |          ::1/128           |       .       |  host  |         .         |
[    9.204306] cloud-init[960]: ci-info: +--------+------+----------------------------+---------------+--------+-------------------+
[    9.212330]          cloud-initStarting iSCSI initiator daemon (iscsid)...[960]: 
ci-info: +++++++++++++++++++++++++++Route IPv4 info++++++++++++++++++++++++++++
[    9.214553] [[0;32m  OK  [0m] Reached target System Initialization.
cloud-init[960]: ci-info: +-------+-------------+----------+---------------+-----------+-------+
[    9.216355] [[0;32m  OK  [0m] Started Message of the Day.
cloud-init[960]: ci-info: | Route | Destination | Gateway  |    Genmask    | Interface | Flags |
[[0;32m  OK  [0m] Listening on UUID daemon activation socket.
         Starting Socket activation for snappy daemon.
[[0;32m  OK  [0m] Started Daily apt download activities.
[[0;32m  OK  [0m] Listening on ACPID Listen Socket.
[[0;32m  OK  [0m] Started Daily apt upgrade and clean activities.
[[0;32m  OK  [0m] Started Daily Cleanup of Temporary Directories.
[[0;32m  OK  [0m] Reached target Timers.
[    9.224477] cloud-init[960]: ci-info: +-------+-------------+----------+---------------+-----------+-------+
[    9.236469] cloud-init[960]: ci-info: |   0   |   0.0.0.0   | 10.0.2.2 |    0.0.0.0    |   enp0s3  |   UG  |
[    9.244729] cloud-init[960]: ci-info: |   1   |   10.0.2.0  | 0.0.0.0  | 255.255.255.0 |   enp0s3  |   U   |
[[0;32m  OK  [0m] Started ACPI Events Check.
[[0;32m  OK  [0m] Reached target Paths.
[    9.255422] cloud-init[960]: ci-info: +-------+-------------+----------+---------------+-----------+-------+
[    9.269619] cloud-init[960]: ci-info: +++++++++++++++++++Route IPv6 info+++++++++++++++++++
[    9.276351] cloud-init[960]: ci-info: +-------+-------------+---------+-----------+-------+
[    9.284380] cloud-init[960]: ci-info: | Route | Destination | Gateway | Interface | Flags |
         Starting LXD - unix socket.
[[0;32m  OK  [0m] Listening on D-Bus System Message Bus Socket.
[    9.294812] cloud-init[960]: ci-info: +-------+-------------+---------+-----------+-------+
[    9.310266] cloud-init[960]: ci-info: |   0   |  fe80::/64  |    ::   |   enp0s3  |   U   |
[    9.316751] cloud-init[960]: ci-info: |   3   |   ff00::/8  |    ::   |   enp0s3  |   U   |
[    9.324320] cloud-init[960]: ci-info: +-------+-------------+---------+-----------+-------+
[    9.325900] cloud-init[960]: Generating public/private rsa key pair.
[    9.332643] cloud-init[960]: Your identification has been saved in /etc/ssh/ssh_host_rsa_key.
[    9.340288] [[0;32m  OK  [0m] Listening on Socket activation for snappy daemon.
cloud-init[960]: Your public key has been saved in /etc/ssh/ssh_host_rsa_key.pub.
[[0;32m  OK  [0m] Listening on LXD - unix socket.
[[0;32m  OK  [0m] Started iSCSI initiator daemon (iscsid).
[    9.356267] cloud-init[960]: The key fingerprint is:
[    9.380299] cloud-init[960]: SHA256:GW4sARwWSJimIEAYkVKBUwcj/hUATppq7waiFTrCFP4 root@ubuntu-xenial
[    9.388568] cloud-init[960]: The key's randomart image is:
         Starting Login to default iSCSI targets...
[[0;32m  OK  [0m] Reached target Sockets.
[[0;32m  OK  [0m] Reached target Basic System.
[    9.399349] cloud-init[960]: +---[RSA 2048]----+
[    9.422022] cloud-init[960]: |O#O*B+           |
[    9.422773] cloud-init[960]: |/=.+...          |
[    9.423816] cloud-init[960]: |X+.  .. .        |
[    9.424671] cloud-init[960]: |ooo .  + o       |
[    9.432264] cloud-init[960]: |+o.o  . S        |
[    9.433286] cloud-init[960]: |*ooE   o         |
[    9.441639]          cloud-initStarting Login Service...[960]: 
|+o..             |
[    9.443847] cloud-init[960]: |. ..             |
[[0;32m  OK  [0m] Started FUSE filesystem for LXC.
[    9.445084] cloud-init[960]: |  ..             |
         Starting Accounts Service...
[    9.454127] cloud-init[960]: +----[SHA256]-----+
         Starting Virtualbox guest utils...
[    9.456807] cloud-init[960]: Generating public/private dsa key pair.
[    9.472372] cloud-init[960]: Your identification has been saved in /etc/ssh/ssh_host_dsa_key.
[    9.484287]          Starting Pollinate to seed the pseudo random number generator...
cloud-init[960]: Your public key has been saved in /etc/ssh/ssh_host_dsa_key.pub.
[    9.492378] [[0;32m  OK  [0m] Started ACPI event daemon.
cloud-init[960]: The key fingerprint is:
[    9.500553]          cloud-initStarting /etc/rc.local Compatibility...
[960]: SHA256:Zy84VvL8eCn2h3m6n7/4fFACvJ0m7EImhry03V5HniI root@ubuntu-xenial
[    9.503989]          Starting LSB: MD monitoring daemon...
cloud-init[960]: The key's randomart image is:
[    9.505846] cloud-init[960]: +---[DSA 1024]----+
[    9.512493]          Starting Snap Daemon...
cloud-init[960]: |           .     |
[    9.513833] cloud-init[960]: |            o    |
[    9.520333] cloud-init[960]: |     . .   . + . |
[[0;32m  OK  [0m] Started Regular background program processing daemon.
[    9.522024] cloud-init[960]: |      + o o + * .|
[    9.531515]          Starting LXD - container startup/shutdown...
cloud-init[960]: |     . =S=+. = + |
[    9.533567] cloud-init[960]: |      o .OE.+ =  |
[    9.534630] cloud-init         Starting LSB: Record successful boot for GRUB...
[960]: |        +.++.* . |
[    9.539000] [[0;32m  OK  [0m] Started Deferred execution scheduler.
cloud-init[960]: |       . .++= =..|
[    9.543205] cloud-init[960]: |         ..+=B+=+|
[    9.548373]          Starting System Logging Service...
cloud-init[960]: +----[SHA256]-----+
[    9.550676] cloud-init[960]: Generating public/private ecdsa key pair.
[    9.553479] cloud-init[960]: [Your identification has been saved in /etc/ssh/ssh_host_ecdsa_key.[0;32m  OK  [0m
] Started D-Bus System Message Bus.
[    9.561122] cloud-init[960]: Your public key has been saved in /etc/ssh/ssh_host_ecdsa_key.pub.
[    9.562978] cloud-init[960]: The key fingerprint is:
[    9.564329] cloud-init[960]: SHA256:kgGNZk6aY+DzaEoJvWJ18wejefZo+5Lknd37Ix1EFEc root@ubuntu-xenial
[    9.566288] cloud-init[960]: The key's randomart image is:
[    9.567887] cloud-init[960]: +---[ECDSA 256]---+
[    9.580589] cloud-init[960]: |    .o        .+E|
[    9.588553] cloud-init[960]: |.   =..        ..|
[    9.596558] cloud-init[960]: |.o B  .       .  |
[    9.604306] cloud-init[960]: |.o*..o =       . |
[    9.612278] cloud-init[960]: |..*o. B S     .  |
[    9.620387] cloud-init[960]: |.*.. o * .     . |
[    9.628470] cloud-init[960]: |=.    = * o . . .|
[    9.638451] cloud-init[960]: |.      * + . o o |
[    9.644714] cloud-init[960]: |      ..+.   .+..|
[    9.652562] cloud-init[960]: +----[SHA256]-----+
[    9.654278] cloud-init[960]: Generating public/private ed25519 key pair.
[    9.655623] cloud-init[960]: Your identification has been saved in /etc/ssh/ssh_host_ed25519_key.
[    9.664544] cloud-init[960]: Your public key has been saved in /etc/ssh/ssh_host_ed25519_key.pub.
[    9.672398] cloud-init[960]: The key fingerprint is:
[    9.680712] cloud-init[960]: SHA256:yIwnNFqCwJyj1oFS6cuOYymsqGauHn7WzR2xpM/0yPM root@ubuntu-xenial
[    9.688569] cloud-init[960]: The key's randomart image is:
[    9.696406] cloud-init[960]: +--[ED25519 256]--+
[    9.705097] cloud-init[960]: |+.+.             |
[    9.716378] cloud-init[960]: |oB..             |
[    9.718433] cloud-init[960]: |+.+ =            |
[    9.724738] cloud-init[960]: |...* = . o       |
[    9.726553] cloud-init[960]: |....o = S o      |
[    9.732667] cloud-init[960]: |  o  o . +       |
[    9.740864] cloud-init[960]: |.+. . o * +      |
[    9.748599] cloud-init[960]: |**oo . o B .     |
[    9.750215] cloud-init[960]: |/=o       oE     |
[    9.756982] cloud-init[960]: +----[SHA256]-----+
[[0;32m  OK  [0m] Started System Logging Service.
[[0;32m  OK  [0m] Started /etc/rc.local Compatibility.
[[0;32m  OK  [0m] Started Login Service.
[[0;32m  OK  [0m] Started Unattended Upgrades Shutdown.
         Starting Authenticate and Authorize Users to Run Privileged Tasks...
[[0;32m  OK  [0m] Started LSB: Record successful boot for GRUB.
[[0;32m  OK  [0m] Started LSB: MD monitoring daemon.
[[0;32m  OK  [0m] Started Login to default iSCSI targets.
[[0;32m  OK  [0m] Reached target Remote File Systems (Pre).
[[0;32m  OK  [0m] Reached target Remote File Systems.
         Starting LSB: Set the CPU Frequency Scaling governor to "ondemand"...
         Starting LSB: daemon to balance interrupts for SMP systems...
         Starting Permit User Sessions...
         Starting LSB: automatic crash report generation...
[[0;32m  OK  [0m] Started LSB: Set the CPU Frequency Scaling governor to "ondemand".
[[0;32m  OK  [0m] Started Permit User Sessions.
         Starting Hold until boot process finishes up...
         Starting Terminate Plymouth Boot Screen...
[[0;32m  OK  [0m] Started LSB: daemon to balance interrupts for SMP systems.
[[0;32m  OK  [0m] Started Hold until boot process finishes up.
[[0;32m  OK  [0m] Started Authenticate and Authorize Users to Run Privileged Tasks.
[[0;32m  OK  [0m] Started Terminate Plymouth Boot Screen.
[[0;32m  OK  [0m] Started Virtualbox guest utils.
[[0;32m  OK  [0m] Started Accounts Service.
[[0;32m  OK  [0m] Started Getty on tty1.
         Starting Set console scheme...
[[0;32m  OK  [0m] Started Serial Getty on ttyS0.
[[0;32m  OK  [0m] Reached target Login Prompts.
[[0;32m  OK  [0m] Started LSB: automatic crash report generation.
[[0;32m  OK  [0m] Started Set console scheme.
[[0;32m  OK  [0m] Started LXD - container startup/shutdown.
[[0;32m  OK  [0m] Started Snap Daemon.
         Starting Wait until snapd is fully seeded...
[[0;32m  OK  [0m] Started Pollinate to seed the pseudo random number generator.
         Starting OpenBSD Secure Shell server...
[[0;32m  OK  [0m] Started OpenBSD Secure Shell server.
[[0;32m  OK  [0m] Created slice User Slice of vagrant.
         Starting User Manager for UID 1000...
[[0;32m  OK  [0m] Started Session 1 of user vagrant.
[[0;32m  OK  [0m] Started User Manager for UID 1000.
[[0;32m  OK  [0m] Started Session 2 of user vagrant.
[   15.988560] cloud-init[1571]: Generating locales (this might take a while)...

Ubuntu 16.04.6 LTS ubuntu-xenial ttyS0

ubuntu-xenial login: [   16.786479] cloud-init[1571]:   en_US.UTF-8... done
[   16.787182] cloud-init[1571]: Generation complete.
[   17.202472] cloud-init[1571]: Cloud-init v. 20.2-45-g5f7825e2-0ubuntu1~16.04.1 running 'modules:config' at Mon, 03 Aug 2020 00:53:10 +0000. Up 15.87 seconds.
ci-info: no authorized SSH keys fingerprints found for user ubuntu.
<14>Aug  3 00:53:12 ec2: 
<14>Aug  3 00:53:12 ec2: #############################################################
<14>Aug  3 00:53:12 ec2: -----BEGIN SSH HOST KEY FINGERPRINTS-----
<14>Aug  3 00:53:12 ec2: 1024 SHA256:Zy84VvL8eCn2h3m6n7/4fFACvJ0m7EImhry03V5HniI root@ubuntu-xenial (DSA)
<14>Aug  3 00:53:12 ec2: 256 SHA256:kgGNZk6aY+DzaEoJvWJ18wejefZo+5Lknd37Ix1EFEc root@ubuntu-xenial (ECDSA)
<14>Aug  3 00:53:12 ec2: 256 SHA256:yIwnNFqCwJyj1oFS6cuOYymsqGauHn7WzR2xpM/0yPM root@ubuntu-xenial (ED25519)
<14>Aug  3 00:53:12 ec2: 2048 SHA256:GW4sARwWSJimIEAYkVKBUwcj/hUATppq7waiFTrCFP4 root@ubuntu-xenial (RSA)
<14>Aug  3 00:53:12 ec2: -----END SSH HOST KEY FINGERPRINTS-----
<14>Aug  3 00:53:12 ec2: #############################################################
-----BEGIN SSH HOST KEY KEYS-----
ecdsa-sha2-nistp256 AAAAE2VjZHNhLXNoYTItbmlzdHAyNTYAAAAIbmlzdHAyNTYAAABBBDDirOzpWvBk8EXSWZxGRINgLVIoJ+YwP45O9pB6C1yo1IuQQnoOL6Bno5UPmU3MPvSV3cJkAg0qqLqQNCkw7Es= root@ubuntu-xenial
ssh-ed25519 AAAAC3NzaC1lZDI1NTE5AAAAIJHeL8cIBP8CyT0i1VjrChGpj/k0dUoOtXYvJlqY+GX2 root@ubuntu-xenial
ssh-rsa AAAAB3NzaC1yc2EAAAADAQABAAABAQCqrOeFcErybNMV1+zaf45KFwryEACKU4HtamQZuIQCvBXoQKjQfhnVtFrtZHx/nKu6XdPdDnF1tsesdnYJ3DoLbq8yNEOxMAai4I28RJjyZKLIAq7jITSLnwBYUtolsyX2KbsUt1SdadMfCJSWmDHIBPVdBLnGA0Q6kRjL9HMMGmwQObcHl9dfB18HtilwcZJWPefPsmTvcsSjPBt7T5D8D+nxxX1PGx80PuG55KttdrII04S/ZzMbt1LKFxwcDLOieY1uw+CJqs1mxnUDQ4cb02KfFmJ4Kf/r8dwGOI3m58/ggK+64CzoVvovCM3n0vPS6x4rsQYWwP7xdhCa7dE1 root@ubuntu-xenial
-----END SSH HOST KEY KEYS-----
[   17.585444] cloud-init[1698]: Cloud-init v. 20.2-45-g5f7825e2-0ubuntu1~16.04.1 running 'modules:final' at Mon, 03 Aug 2020 00:53:12 +0000. Up 17.45 seconds.
[   17.586637] cloud-init[1698]: ci-info: no authorized SSH keys fingerprints found for user ubuntu.
[   17.587502] cloud-init[1698]: Cloud-init v. 20.2-45-g5f7825e2-0ubuntu1~16.04.1 finished at Mon, 03 Aug 2020 00:53:12 +0000. Datasource DataSourceNoCloud [seed=/dev/sdb][dsmode=net].  Up 17.57 seconds
